20240112/170504513510:38:55/tf16f73e3-2916-4ca4-beb5-25eb87fde552/tGET/t/api/products/thttp://localhost:3000
20240112/170504513610:38:56/tdcc5d3d7-1f7b-4fe7-a611-cd56c13124c8/tGET/t/api/products/thttp://localhost:3000
20240112/170504569610:48:16/tb189e0c4-f1ad-4bc5-9844-e6f892925e3b/tGET/t/api/products/thttp://localhost:3000
20240112/170504569710:48:17/td0377708-c5df-4fdb-b84e-645f245fb089/tGET/t/api/products/thttp://localhost:3000
20240112/170504923111:47:11/t38d9bc1f-82d1-497f-a554-555fc1ea8e9f/tGET/t/main.dde0faa573e846acbc7c.hot-update.json/tundefined
20240112/170504923211:47:12/t3728d25b-7e8b-434e-8696-1f7268097aa4/tGET/t/api/products/thttp://localhost:3000
20240112/170504923311:47:13/t3cc156ac-c52c-4ddf-ba11-1b74066fe07e/tGET/t/api/products/thttp://localhost:3000
20240112/170505055212:09:12/t6cc8f460-10c7-495e-952c-5c5d01c4bc70/tGET/t/api/users//tundefined
20240112/170505110912:18:29/t106f8dc9-5fd0-4aee-aab0-82b487832a2a/tPOST/t/api/users/register/tundefined
20240112/170505118012:19:40/t51ed825c-3a28-4591-a2ec-0001b8bee303/tPOST/t/api/users/register/tundefined
20240112/170505124612:20:46/t0c479ab8-bd8b-495e-bb9c-37743abcb263/tPOST/t/api/users/register/tundefined
20240112/170505220912:36:49/t7ea92bb8-3191-443d-b25b-990002edca7a/tPATCH/t/api/users/update-user/tundefined
20240112/170505222312:37:03/tcccee431-990c-4258-a815-39b900ba94a0/tPATCH/t/api/users/update-user/tundefined
20240112/170505225712:37:37/tfa3eeacb-3356-4889-95f3-7560cd545eb7/tPATCH/t/api/users/update-user/tundefined
20240112/170505276812:46:08/t4277ca18-fcbb-4215-8e8b-80837c1291ba/tPATCH/t/api/users/update-user/tundefined
20240112/170505286412:47:44/t6028e8c5-877c-4aed-90e2-9df9cec44df8/tGET/t/api/products/thttp://localhost:3000
20240112/170505286412:47:44/tbbdf6176-5f31-4e9f-8bc6-b44e3e064828/tGET/t/api/products/thttp://localhost:3000
20240112/170505287012:47:50/tf3367ce1-74c6-43f1-8ecf-28c5e64b130d/tGET/t/api/products/thttp://localhost:3000
20240112/170505287012:47:50/tbfa5eb84-7db4-4e87-8577-5b33dc77fae4/tGET/t/api/products/thttp://localhost:3000
20240112/170505294012:49:00/t4d47f489-3218-4387-9199-3b23443f754c/tGET/t/api/products/thttp://localhost:3000
20240112/170505294012:49:00/t827b5faa-3168-4708-b694-eb864969f8cf/tGET/t/api/products/thttp://localhost:3000
20240112/170505294712:49:07/t9d8d6442-4cc9-4d51-b7c2-06dd3267de1d/tGET/t/api/products/thttp://localhost:3000
20240112/170505294712:49:07/t20a814cd-2373-40ea-8859-5432337492ed/tGET/t/api/products/thttp://localhost:3000
20240112/170505352012:58:40/t1faf78f5-79b7-4513-9d08-229bafdf2ce5/tGET/t/api/products/thttp://localhost:3000
20240112/170505352112:58:41/tc40866d3-b926-43b1-b9aa-61953ae5e281/tGET/t/api/products/thttp://localhost:3000
20240112/170505429913:11:39/t55a25332-a68e-41d0-9c97-892619a5d769/tGET/t/api/products/thttp://localhost:3000
20240112/170505429913:11:39/tcbce0eb4-661d-4288-b17e-aec18a4e57b0/tGET/t/api/products/thttp://localhost:3000
20240112/170505430513:11:45/t126b966a-6631-4b56-8d12-fe16ebf11fa7/tGET/t/api/products/thttp://localhost:3000
20240112/170505430513:11:45/t517f2334-8edb-4446-9c7d-7e524ee7000f/tGET/t/api/products/thttp://localhost:3000
20240112/170505430713:11:47/ta2f6c338-8c18-49f0-9430-9ae08021323b/tGET/t/api/products/thttp://localhost:3000
20240112/170505430713:11:47/t9d449db3-2705-46cf-92ad-b3c5867794de/tGET/t/api/products/thttp://localhost:3000
20240112/170505437713:12:57/tea72028c-ab04-44d3-b0fa-fbcbf955adf4/tGET/t/api/products/thttp://localhost:3000
20240112/170505437813:12:58/tbbbca5aa-a4b6-43ba-95c2-a5511a8f941f/tGET/t/api/products/thttp://localhost:3000
20240112/170505437813:12:58/te6878e19-e5a1-4179-9a1a-2d5db4c999eb/tGET/t/api/products/thttp://localhost:3000
20240112/170505437813:12:58/t81912201-540b-424d-ac24-5b8e76f16439/tGET/t/api/products/thttp://localhost:3000
20240112/170505545913:30:59/t945a8a69-6d84-47a5-ac86-1c545bf792be/tGET/t/api/products/thttp://localhost:3000
20240112/170505546513:31:05/t4ef3e501-1093-44b4-a728-303983031d94/tGET/t/api/products/thttp://localhost:3000
20240112/170505560113:33:21/t853b66f3-831a-4459-a95a-49bc99be8f9b/tGET/t/api/products/thttp://localhost:3000
20240112/170505560113:33:21/t322129b5-f5c3-474c-908a-75a4c7b8bd98/tGET/t/api/products/thttp://localhost:3000
20240112/170505560213:33:22/t37696274-927a-4804-84b0-48bc4d9a9794/tGET/t/api/products/thttp://localhost:3000
20240112/170505560213:33:22/t7d85fdcb-d6fe-4437-9ba8-3dada23c382c/tGET/t/api/products/thttp://localhost:3000
20240112/170505560713:33:27/t0971be0e-54d5-4e6e-a7f2-2875c449d6e0/tGET/t/api/products/thttp://localhost:3000
20240112/170505560813:33:28/t50e6c6c6-52b1-4d7b-8e7a-793742e7f821/tGET/t/api/products/thttp://localhost:3000
20240112/170505560813:33:28/t9cb25d1d-7e7b-478f-ab13-54bf217c9a7f/tGET/t/api/products/thttp://localhost:3000
20240112/170505560913:33:29/tdc9be919-68ff-48e4-b921-f7b77cf8c27d/tGET/t/api/products/thttp://localhost:3000
20240112/170505714713:59:07/t36cf2048-4000-4c1f-a4b3-9ef4c24a2d93/tGET/t/api/products/thttp://localhost:3000
20240112/170505714913:59:09/tffef819a-64d9-4d86-b243-f23f972b00db/tGET/t/api/products/thttp://localhost:3000
20240112/170505779514:09:55/t6fad4623-d120-4b4f-b8dc-92991f518870/tGET/t/api/products/thttp://localhost:3000
20240112/170505779614:09:56/t8d97794f-8930-4ab2-8fed-120e624c40d5/tGET/t/api/products/thttp://localhost:3000
20240112/170505780914:10:09/t2da55c09-4599-49fd-bd73-79ded96bad90/tGET/t/api/products/thttp://localhost:3000
20240112/170505781014:10:10/tc3ca0d38-c9a4-41a1-b50f-1d78405ed00b/tGET/t/api/products/thttp://localhost:3000
20240112/170505796614:12:46/t084f03df-3b11-44d4-9bdb-70763d9b2207/tGET/t/api/products/thttp://localhost:3000
20240112/170505796714:12:47/t11041707-e8a6-4cc9-8166-603dd62c63aa/tGET/t/api/products/thttp://localhost:3000
20240112/170505822614:17:06/tadb02a09-ee01-4247-b639-50c7459dd48e/tGET/t/api/products/thttp://localhost:3000
20240112/170505822714:17:07/tcff1c286-7914-489a-9d5d-8fa46197e460/tGET/t/api/products/thttp://localhost:3000
20240112/170505823114:17:11/t52d300a4-41b0-45ad-a4c8-957c77708020/tGET/t/api/products/65967c15aa5d08f57882f4ea/thttp://localhost:3000
20240112/170505823214:17:12/t02c815a2-5ce5-4ce5-acad-7198e019ce03/tGET/t/api/products/65967c15aa5d08f57882f4ea/thttp://localhost:3000
20240112/170505852514:22:05/t16414b88-6a92-4750-b865-074eb5366367/tGET/t/api/products/thttp://localhost:3000
20240112/170505852614:22:06/t3887854b-c210-4b37-a18a-00a5d811bb78/tGET/t/api/products/thttp://localhost:3000
20240112/170505853514:22:15/t064d718d-058d-4956-996a-d6de6e9dad5d/tGET/t/api/products/thttp://localhost:3000
20240112/170505853614:22:16/t82113cb6-5109-4eab-96fa-7b5c13f6bc9b/tGET/t/api/products/thttp://localhost:3000
20240112/170505854414:22:24/t4912db0c-7d7f-4c0d-8ebd-0f8297502db9/tGET/t/api/products/canvas/thttp://localhost:3000
20240112/170505854714:22:27/t72edf066-5c49-4f1f-bd0d-478deec74116/tGET/t/api/products/d%C4%B1g%C4%B1tal/thttp://localhost:3000
20240112/170505854814:22:28/tf67b15f2-6678-482f-93ae-47dfe17bbb9f/tGET/t/api/products/nft/thttp://localhost:3000
20240112/170505855014:22:30/t2853e9ef-1922-49aa-8172-55bcb6a791c9/tGET/t/api/products/6596807097c50840cece9714/thttp://localhost:3000
20240112/170505855014:22:30/t01a7a61f-a069-437e-90f6-b8f28729a958/tGET/t/api/products/6596807097c50840cece9714/thttp://localhost:3000
20240112/170505856014:22:40/t08636e25-23e6-4944-9ec6-c6c86d27cddb/tGET/t/api/products/thttp://localhost:3000
20240112/170505856114:22:41/tff09bfd1-2f12-4a7f-9467-95879ef98e5d/tGET/t/api/products/thttp://localhost:3000
20240112/170505856114:22:41/tf18c88bc-ac9d-4a28-b948-ea4cd132844b/tGET/t/api/products/65967c15aa5d08f57882f4ea/thttp://localhost:3000
20240112/170505856214:22:42/tc23b72cd-21c5-472c-af2d-a81e749a5ef4/tGET/t/api/products/65967c15aa5d08f57882f4ea/thttp://localhost:3000
20240112/170505912014:32:00/tfe333a4f-e04f-4bb3-af3b-05529bf9595f/tGET/t/api/products/thttp://localhost:3000
20240112/170505912114:32:01/t21a51af3-f0ab-409b-9e99-8e8efc2e65b5/tGET/t/api/products/thttp://localhost:3000
20240112/170505919314:33:13/tcd8698d6-9db2-4bbf-8842-5c831706eed8/tGET/t/api/products/thttp://localhost:3000
20240112/170505919414:33:14/t2bca175b-e681-49da-8a79-e10807b8ca61/tGET/t/api/products/thttp://localhost:3000
20240112/170505919814:33:18/t9634ca59-4413-406a-8cd0-ac9fae8f5f70/tGET/t/api/products/thttp://localhost:3000
20240112/170505919914:33:19/te4b2a4e0-c067-4803-9bb1-5bbeaba2dfc7/tGET/t/api/products/thttp://localhost:3000
20240112/170505927214:34:32/tb1ae88ba-4e5d-4b38-a559-f11d7bddd357/tGET/t/api/products/thttp://localhost:3000
20240112/170505927314:34:33/t69bb1b42-0922-42b5-8a83-917788dc6d45/tGET/t/api/products/thttp://localhost:3000
20240112/170505927814:34:38/t57dfa75a-7b0e-47d8-b6d4-082c61b12159/tGET/t/api/products/thttp://localhost:3000
20240112/170505927814:34:38/t1183291c-edbf-49d3-b343-9f89862f6d43/tGET/t/api/products/thttp://localhost:3000
20240112/170505934914:35:49/tb23f1686-24da-4814-98b9-c969cd7b9ae9/tGET/t/api/products/thttp://localhost:3000
20240112/170505934914:35:49/t69042624-4af5-49b5-80b6-3014afb09e66/tGET/t/api/products/thttp://localhost:3000
20240112/170506014314:49:03/t5a43eb98-ddf4-43c8-bd54-2e41fa48c36a/tGET/t/api/products/thttp://localhost:3000
20240112/170506014614:49:06/tbc1885f6-6539-43ff-bc5b-f0ee883bc29d/tGET/t/api/products/thttp://localhost:3000
20240112/170506014714:49:07/teb6da674-7b8f-492a-8ac9-a61b185398cc/tGET/t/api/products/thttp://localhost:3000
20240112/170506019614:49:56/t7b222a70-cf88-45eb-a574-c87856e03619/tGET/t/api/products/thttp://localhost:3000
20240112/170506019614:49:56/td2433cf6-db4b-4bcf-9f2f-acb50f06353f/tGET/t/api/products/thttp://localhost:3000
20240112/170506079214:59:52/t37cbe498-7845-45d1-ae9e-c8f997e50d22/tGET/t/api/products/thttp://localhost:3000
20240112/170506079314:59:53/ta0527b48-a64e-4991-9fe0-301b0d7e675c/tGET/t/api/products/thttp://localhost:3000
20240112/170506094515:02:25/t3b89b7ad-c9e6-4d8d-a9fd-6fc0679a2c06/tGET/t/api/products/thttp://localhost:3000
20240112/170506094615:02:26/t3042d933-1033-48e6-b25f-fd08655c47fa/tGET/t/api/products/thttp://localhost:3000
20240112/170506169215:14:52/t34137f32-8837-4348-80a7-b596d0a210d5/tGET/t/api/products/thttp://localhost:3000
20240112/170506169315:14:53/t2371f140-b505-4eb0-9ede-1018fddb5984/tGET/t/api/products/thttp://localhost:3000
20240112/170506184315:17:23/t5541ac62-7544-4958-b7cb-3fef49448239/tGET/t/api/products/thttp://localhost:3000
20240112/170506184415:17:24/t644e18d1-714b-4cfc-8992-fe66d0c5865f/tGET/t/api/products/thttp://localhost:3000
20240112/170506264915:30:49/tdaccc832-52a9-4200-b01a-e5cf1a14abb1/tGET/t/api/products/thttp://localhost:3000
20240112/170506264915:30:49/teb78dbbd-d313-4728-abf7-906d183385c5/tGET/t/api/products/thttp://localhost:3000
20240112/170506265215:30:52/tdc4d2f06-3ca6-48a0-85d3-af29538f2f2a/tGET/t/api/products/65967c15aa5d08f57882f4ea/thttp://localhost:3000
20240112/170506265315:30:53/t3d874ec5-38ac-42cc-905a-c98dc253cc57/tGET/t/api/products/65967c15aa5d08f57882f4ea/thttp://localhost:3000
20240112/170506278615:33:06/t7ec68f5c-e4cb-49a9-b2e1-95eb3dd579d4/tGET/t/api/products/thttp://localhost:3000
20240112/170506278715:33:07/t493d5ff0-eaf5-4fcb-93ae-95a13131be56/tGET/t/api/products/thttp://localhost:3000
20240112/170506278715:33:07/t3b674125-3244-4a8d-9e6b-85c3fd855cc1/tGET/t/api/products/thttp://localhost:3000
20240112/170506278815:33:08/t76979fde-804a-4fe5-8c6f-b56e1cf8865e/tGET/t/api/products/thttp://localhost:3000
20240112/170506280415:33:24/ta0d0b934-f0a0-45cd-8070-ecdab96ebbaa/tGET/t/api/products/thttp://localhost:3000
20240112/170506280515:33:25/t4d643267-d6c3-4709-8a25-85448f8cd151/tGET/t/api/products/thttp://localhost:3000
20240112/170506307915:37:59/t015baf09-9cd0-4627-ad69-9300efc22603/tGET/t/api/products/thttp://localhost:3000
20240112/170506307915:37:59/tcd0c968f-260a-4184-81cb-26f81bf4cc8c/tGET/t/api/products/thttp://localhost:3000
20240112/170506310215:38:22/t7173f449-c1c7-44f8-8531-94168aa003c1/tGET/t/api/products/thttp://localhost:3000
20240112/170506310315:38:23/tb8cb7058-013c-480f-bfa5-c6c862b00429/tGET/t/api/products/thttp://localhost:3000
20240112/170506310315:38:23/t65d23cd7-fea9-4048-85af-d7dd0bc0921f/tGET/t/api/products/thttp://localhost:3000
20240112/170506310315:38:23/td8519c2f-efc1-482f-a7a1-8cd40b53bd0b/tGET/t/api/products/thttp://localhost:3000
20240112/170506311115:38:31/tabc226d4-44ae-457d-871f-7b932eb626ee/tGET/t/api/products/thttp://localhost:3000
20240112/170506311115:38:31/t24708f94-fdc4-4b1c-b8a6-f50b8232300e/tGET/t/api/products/thttp://localhost:3000
20240112/170506311215:38:32/t8f823c01-ca1d-4c1b-93db-0e03ff8badc1/tGET/t/api/products/thttp://localhost:3000
20240112/170506311215:38:32/t183dd138-416c-4950-8118-81a71587c7b7/tGET/t/api/products/thttp://localhost:3000
20240112/170506312115:38:41/t183cf542-7925-45fd-865c-58f38b2ed0b5/tGET/t/api/products/thttp://localhost:3000
20240112/170506312315:38:43/t6149aeb8-19fb-4d6b-8212-90d475a22246/tGET/t/api/products/thttp://localhost:3000
20240112/170506312315:38:43/t8d2682ba-9bbc-468e-bf51-32232819a5b8/tGET/t/api/products/thttp://localhost:3000
20240112/170506312315:38:43/t2fd5baa7-dda1-4ec9-bcca-cd48aee120da/tGET/t/api/products/thttp://localhost:3000
20240112/170506312415:38:44/t62a1d5ae-eb38-4cd4-8144-f68b3553da4a/tGET/t/api/products/thttp://localhost:3000
20240112/170506312415:38:44/t562bfc72-c694-47c8-b1f7-c241ea41017f/tGET/t/api/products/thttp://localhost:3000
20240112/170506313615:38:56/tc3f101f2-9e01-43c4-b08e-0a4c5544074a/tGET/t/api/products/thttp://localhost:3000
20240112/170506313615:38:56/t4ada8c81-417a-49f9-a4bc-af46f2a3518a/tGET/t/api/products/thttp://localhost:3000
20240112/170506313915:38:59/tdad5e756-833f-4e3d-8982-3d984decb9b9/tGET/t/api/products/thttp://localhost:3000
20240112/170506313915:38:59/te5bf2fff-b72e-492d-b3b0-4628f8fb2c52/tGET/t/api/products/thttp://localhost:3000
20240112/170506313915:38:59/t33c6555d-0238-46b4-be11-e03232cd4612/tGET/t/api/products/thttp://localhost:3000
20240112/170506314015:39:00/tec83dabd-3cee-4cd3-a6da-cc48afe3e544/tGET/t/api/products/thttp://localhost:3000
20240112/170506314815:39:08/t36664853-12b6-4156-8b8c-41d01356156f/tGET/t/api/products/thttp://localhost:3000
20240112/170506314815:39:08/td656aee5-d0c8-46ce-9b13-507f96005dae/tGET/t/api/products/thttp://localhost:3000
20240112/170506314915:39:09/tfb6d0f5c-3a24-4e5f-86a8-7da88a898d1e/tGET/t/api/products/thttp://localhost:3000
20240112/170506314915:39:09/t1e3d309d-72fa-4dc5-b5d8-a3ff91c67c39/tGET/t/api/products/thttp://localhost:3000
20240112/170506315115:39:11/tc7cc0f9b-5e5b-411a-a408-f3ad707e0419/tGET/t/api/products/thttp://localhost:3000
20240112/170506315215:39:12/t497066d8-346e-47d3-9512-84751a582bc4/tGET/t/api/products/thttp://localhost:3000
20240112/170506315215:39:12/t44fd9916-05ec-44a7-bfed-fe79a12247ed/tGET/t/api/products/thttp://localhost:3000
20240112/170506315315:39:13/t9fab8047-be31-4104-95a3-78b5cf8c14b3/tGET/t/api/products/thttp://localhost:3000
20240112/170506315415:39:14/t00e3f47d-4277-4bf4-b6ca-7ce0478e7457/tGET/t/api/products/thttp://localhost:3000
20240112/170506315415:39:14/t63df6531-d77a-4867-a22c-ef57de50fe0d/tGET/t/api/products/thttp://localhost:3000
20240112/170506315515:39:15/tf8b0ba3e-4fbe-4641-8478-02aaddd81b8e/tGET/t/api/products/thttp://localhost:3000
20240112/170506316315:39:23/te4da0362-6d24-4c78-908b-50df9fce0b52/tGET/t/api/products/thttp://localhost:3000
20240112/170506316515:39:25/t624bf218-8f96-42ba-a74b-bbba5ccc5628/tGET/t/api/products/thttp://localhost:3000
20240112/170506317315:39:33/t7da4ed69-c66f-4abe-b6f9-ba4839060755/tGET/t/api/products/thttp://localhost:3000
20240112/170506317315:39:33/t68da2fd7-6138-4737-8750-ee703f2e2a93/tGET/t/api/products/thttp://localhost:3000
20240112/170506317315:39:33/tbef00c6d-d6bb-4f49-a883-3112b48e786f/tGET/t/api/products/thttp://localhost:3000
20240112/170506317415:39:34/tfa714a53-40f7-4efe-8d7d-ed588a4386c7/tGET/t/api/products/thttp://localhost:3000
20240112/170506317915:39:39/t3547d3cc-2ab1-4d7b-b366-ad3e26eb388f/tGET/t/api/products/thttp://localhost:3000
20240112/170506317915:39:39/t1fb53461-0c1b-40be-859e-c229b6b4268c/tGET/t/api/products/thttp://localhost:3000
20240112/170506317915:39:39/t33b8d81a-9e49-4d7e-92e9-a9ca8ada23f5/tGET/t/api/products/thttp://localhost:3000
20240112/170506318015:39:40/t35ff732a-415f-4de2-b1c0-2d806196578c/tGET/t/api/products/thttp://localhost:3000
20240112/170506319015:39:50/t47851e54-4467-44a0-a88c-8f616eb8a323/tGET/t/api/products/thttp://localhost:3000
20240112/170506319015:39:50/t11d27bde-b82c-4feb-861c-d90f772ec3e2/tGET/t/api/products/thttp://localhost:3000
20240112/170506319115:39:51/tb9db1a8b-7630-4645-a6eb-e15fa3dc4058/tGET/t/api/products/thttp://localhost:3000
20240112/170506319115:39:51/tba7242b6-ff3a-45ee-80ad-3531d61d85e7/tGET/t/api/products/thttp://localhost:3000
20240112/170506320115:40:01/tdb1edf13-b440-4327-b52d-0445ce3259b7/tGET/t/api/products/thttp://localhost:3000
20240112/170506321715:40:17/t75489f33-d38c-4b29-a87c-b758f0ac1904/tGET/t/api/products/thttp://localhost:3000
20240112/170506325115:40:51/tb12dde11-1f85-4239-b785-ea145b682589/tGET/t/api/products/thttp://localhost:3000
20240112/170506325115:40:51/t1f9bac96-95a5-48ef-8812-4bb8a9becf4a/tGET/t/api/products/thttp://localhost:3000
20240112/170506325515:40:55/tdaa42c19-91cb-4fc3-838a-62acbe256c0c/tGET/t/api/products/thttp://localhost:3000
20240112/170506325515:40:55/t75c9e8be-2cf0-42d0-b952-434c264555b0/tGET/t/api/products/thttp://localhost:3000
20240112/170506325615:40:56/t5ce857f0-fba6-49a5-820e-67cfbb637d4b/tGET/t/api/products/thttp://localhost:3000
20240112/170506325615:40:56/t96ac1b22-5212-40ac-b1d5-309bbf7627e3/tGET/t/api/products/thttp://localhost:3000
20240112/170506331215:41:52/t6a0bdaae-1d95-4b53-8c89-3ef09f7b983a/tGET/t/api/products/thttp://localhost:3000
20240112/170506331615:41:56/ta8d2d36e-f427-4757-bd43-9fe4a4480247/tGET/t/api/products/thttp://localhost:3000
20240112/170506331615:41:56/tcf81d7e3-1ffe-4439-82c4-622329183629/tGET/t/api/products/thttp://localhost:3000
20240112/170506331615:41:56/t94ade1a0-b6e8-48c7-a8b0-179576157219/tGET/t/api/products/thttp://localhost:3000
20240112/170506337015:42:50/t3623c31c-add1-49b7-9254-653e4e652502/tGET/t/api/products/thttp://localhost:3000
20240112/170506337115:42:51/t859965c2-dce5-4ee6-8b7b-cde2d551fd65/tGET/t/api/products/thttp://localhost:3000
20240112/170506337615:42:56/t959e5b70-ca38-4116-a023-a25c8be8fa79/tGET/t/api/products/thttp://localhost:3000
20240112/170506339215:43:12/ta66e0edf-91db-4ad1-aea3-2bb7ef7e8189/tGET/t/api/products/thttp://localhost:3000
20240112/170506339315:43:13/t45f554ec-e21f-474f-9a1e-775fd7d7c147/tGET/t/api/products/thttp://localhost:3000
20240112/170506401115:53:31/t4b910901-9ca1-4655-8b37-c463a5e16ee2/tGET/t/api/products/thttp://localhost:3000
20240112/170506401215:53:32/t1c80c957-5296-4e4c-b70b-af3a946fd57d/tGET/t/api/products/thttp://localhost:3000
20240112/170506402415:53:44/tb80324a4-5738-4133-a4c9-154551f1b61b/tGET/t/api/products/thttp://localhost:3000
20240112/170506402515:53:45/t830beeda-031b-482c-8a09-af966796aded/tGET/t/api/products/thttp://localhost:3000
20240112/170506412415:55:24/t691681f9-9861-4cad-9552-600d784440a1/tGET/t/api/products/thttp://localhost:3000
20240112/170506412515:55:25/t8bed6468-53e7-4ad1-a713-0b85a755082d/tGET/t/api/products/thttp://localhost:3000
20240112/170506424015:57:20/t14ae1ad3-7b7f-4a38-a8b1-44c22132eaac/tGET/t/api/products/65967d6f97c50840cece96da/thttp://localhost:3000
20240112/170506424015:57:20/t456d6765-4132-4d33-81b6-54a92ab5d23b/tGET/t/api/products/65967d6f97c50840cece96da/thttp://localhost:3000
20240112/170506431115:58:31/t6f2ab194-ca5d-4e0b-bb42-65d54bafd779/tGET/t/api/products/thttp://localhost:3000
20240112/170506431215:58:32/tf8605216-bb98-4de5-85b9-f7a2195945e7/tGET/t/api/products/thttp://localhost:3000
20240112/170506448316:01:23/t559110d6-bc37-4968-8d9c-28188ddb7578/tGET/t/api/products/thttp://localhost:3000
20240112/170506448316:01:23/t6de0fe24-c275-4ebf-86fc-07f233f0e3fa/tGET/t/api/products/thttp://localhost:3000
20240112/170506448416:01:24/t3a198fb1-c75c-44d7-a797-12744c7ff097/tGET/t/api/products/thttp://localhost:3000
20240112/170506448516:01:25/t6e64ef70-86af-4e43-9a26-b3932c7dbefa/tGET/t/api/products/thttp://localhost:3000
20240112/170506448516:01:25/t605a8d4b-af38-4a3b-a785-1b1504a42cc3/tGET/t/api/products/thttp://localhost:3000
20240112/170506457716:02:57/t97935410-d304-4928-b591-da047c9cef5e/tGET/t/api/products/thttp://localhost:3000
20240112/170506457816:02:58/tfd88a20a-c292-419d-9eca-a88b08fe3e67/tGET/t/api/products/thttp://localhost:3000
20240112/170506457816:02:58/t397dd717-bfd2-4af7-a923-f2dbb8b6e88f/tGET/t/api/products/thttp://localhost:3000
20240112/170506457916:02:59/ta2c44b2f-98b3-4ff3-a8e5-31e6110305e3/tGET/t/api/products/thttp://localhost:3000
20240112/170506461216:03:32/tfebd9a65-1e7b-4d5f-b72a-4a8fd408ad50/tGET/t/api/products/thttp://localhost:3000
20240112/170506461216:03:32/ta36541b1-3478-4fe6-b708-9f44d80daab5/tGET/t/api/products/thttp://localhost:3000
20240112/170506464616:04:06/td2d1dabf-dab9-4e72-8704-19fae32b6313/tGET/t/api/products/thttp://localhost:3000
20240112/170506465116:04:11/td6438cef-c2b7-414e-9008-491dee05ce3d/tGET/t/api/products/thttp://localhost:3000
20240112/170506465116:04:11/tca26a812-7b02-4b67-94e4-109fa8721f66/tGET/t/api/products/thttp://localhost:3000
20240112/170506469616:04:56/t6329b964-5ae2-4b27-8852-97c70743b341/tGET/t/api/products/thttp://localhost:3000
20240112/170506469816:04:58/t331e657e-8a3a-4979-bbcd-173b827f2541/tGET/t/api/products/thttp://localhost:3000
20240112/170506469816:04:58/t83052c83-266a-4bcd-bb71-db4081a800f2/tGET/t/api/products/thttp://localhost:3000
20240112/170506471016:05:10/t5643cdc4-ba0d-4786-ae72-10f4791b0cda/tGET/t/api/products/thttp://localhost:3000
20240112/170506473816:05:38/tc6de6249-943c-4c9d-9f80-9bb0d8c4b39d/tGET/t/api/products/thttp://localhost:3000
20240112/170506473816:05:38/tb55c9e79-965f-47bc-a232-8fcc5a40aa7d/tGET/t/api/products/thttp://localhost:3000
20240112/170506473816:05:38/t9eafe3f6-3ebc-4a87-9f0f-fcc4636ca3e0/tGET/t/api/products/thttp://localhost:3000
20240112/170506473816:05:38/t6bb3bf77-7669-4a34-ab11-927cab66dafe/tGET/t/api/products/thttp://localhost:3000
20240112/170506473916:05:39/teed1c61a-488f-4316-8400-12cca341ba4b/tGET/t/api/products/thttp://localhost:3000
20240112/170506474116:05:41/t0998ca8f-df90-491e-8ab6-12a6264b4892/tGET/t/api/products/thttp://localhost:3000
20240112/170506474216:05:42/t9382cd8a-fe4e-4e76-92e5-82aa3445ad4c/tGET/t/api/products/thttp://localhost:3000
20240112/170506476316:06:03/t63ef4e9c-4498-41c0-b5eb-4f9deba50208/tGET/t/api/products/thttp://localhost:3000
20240112/170506476416:06:04/t40bb6caf-11d4-4fff-b342-746f88492265/tGET/t/api/products/thttp://localhost:3000
20240112/170506476416:06:04/td792b9a2-d94b-49aa-a456-5e0521e6cb18/tGET/t/api/products/thttp://localhost:3000
20240112/170506476416:06:04/td2624e1b-bcc6-484f-9f3b-c32b61ab2be8/tGET/t/api/products/thttp://localhost:3000
20240112/170506476616:06:06/t4e20a3dc-4ee3-4882-978a-ed1af71bc0fb/tGET/t/api/products/thttp://localhost:3000
20240112/170506476716:06:07/t0d75ed84-ca5d-41c2-bf05-d765b3332192/tGET/t/api/products/thttp://localhost:3000
20240112/170506476816:06:08/t96218561-0c97-4c49-820f-46e2bda926f8/tGET/t/api/products/thttp://localhost:3000
20240112/170506481116:06:51/t60973771-cc84-44de-a84d-698203234f2d/tGET/t/api/products/thttp://localhost:3000
20240112/170506481616:06:56/t6cb6fcdd-2f32-4473-bbbb-37c3a337fa17/tGET/t/api/products/thttp://localhost:3000
20240112/170506481716:06:57/ta281b1aa-2d8f-4673-847b-c248c9c85460/tGET/t/api/products/thttp://localhost:3000
20240112/170506484016:07:20/tc44d6844-4402-4ae6-b940-a59bf8720ac6/tGET/t/api/products/thttp://localhost:3000
20240112/170506484016:07:20/t97533c73-87f3-4ecf-9890-a5cdcbada0d8/tGET/t/api/products/thttp://localhost:3000
20240112/170506485916:07:39/t963f85d4-2cb9-4b93-ac46-f3433f832ce0/tGET/t/api/products/thttp://localhost:3000
20240112/170506485916:07:39/te7e74748-4f90-4d44-9624-47cfce06da0a/tGET/t/api/products/thttp://localhost:3000
20240112/170506485916:07:39/t29106da0-7a82-44e6-a327-185026880bd8/tGET/t/api/products/thttp://localhost:3000
20240112/170506486416:07:44/t5745ba94-5d8b-447e-8347-741703a1b237/tGET/t/api/products/thttp://localhost:3000
20240112/170506486516:07:45/t1ab171fc-2bb4-4daf-bb13-4239e9602cd6/tGET/t/api/products/thttp://localhost:3000
20240112/170506486516:07:45/t5cea4284-5eff-4c64-a764-c87f560f3317/tGET/t/api/products/thttp://localhost:3000
20240112/170506486616:07:46/t35e51925-a130-4ee7-8fd4-9fafc5fef76c/tGET/t/api/products/thttp://localhost:3000
20240112/170506486716:07:47/t291135e5-0eb8-4875-b477-9a8921a26105/tGET/t/api/products/thttp://localhost:3000
20240112/170506486816:07:48/t2dfbbe65-1c8e-4d1d-80d8-cf67cba40969/tGET/t/api/products/thttp://localhost:3000
20240112/170506487516:07:55/taf8cc39a-ad41-4f3b-99c4-862eccd9bce9/tGET/t/api/products/thttp://localhost:3000
20240112/170506490516:08:25/t2429f161-c75f-43c1-ba35-434fcda52d54/tGET/t/api/products/thttp://localhost:3000
20240112/170506490716:08:27/t92b74b94-8a7d-4548-8a31-4fa444be6c97/tGET/t/api/products/thttp://localhost:3000
20240112/170506490716:08:27/t2d3e79be-c49d-4d80-9a6b-0c4c05ec00d0/tGET/t/api/products/thttp://localhost:3000
20240112/170506497516:09:35/t0a45801a-4b6a-4130-8c0e-f02a1230a183/tGET/t/api/products/thttp://localhost:3000
20240112/170506497616:09:36/t225d2463-0325-4479-84ce-de1f388d41c6/tGET/t/api/products/thttp://localhost:3000
20240112/170506497816:09:38/t8363c263-d3eb-4298-a835-ab5a574e08ea/tGET/t/api/products/thttp://localhost:3000
20240112/170506497916:09:39/t4802f489-85fd-40b3-9861-f8859bc1fd96/tGET/t/api/products/thttp://localhost:3000
20240112/170506505616:10:56/t668b76bb-b3c5-40b5-95a6-bc86970e4935/tGET/t/api/products/thttp://localhost:3000
20240112/170506505716:10:57/tcb1194b9-f2f0-4c3b-8a15-3ac89dc42767/tGET/t/api/products/thttp://localhost:3000
20240112/170506505916:10:59/tea13fd6b-66db-4f4d-98a0-95ff8c7e0729/tGET/t/api/products/thttp://localhost:3000
20240112/170506505916:10:59/te369e209-f058-40c1-a985-abc29694df84/tGET/t/api/products/thttp://localhost:3000
20240112/170506510916:11:49/td263b03b-005c-4a1d-b6c5-aecc79b217b0/tGET/t/api/products/thttp://localhost:3000
20240112/170506511016:11:50/t79e13029-699d-4988-bc97-78464a7914cf/tGET/t/api/products/thttp://localhost:3000
20240112/170506511116:11:51/tf6ee2a2a-4862-4c40-8651-f77ee7b6c825/tGET/t/api/products/thttp://localhost:3000
20240112/170506516316:12:43/t3d6ce691-553b-48d6-a3fc-692c6f28f64e/tGET/t/api/products/thttp://localhost:3000
20240112/170506516316:12:43/t2b0c3191-2ec6-4d21-b8f2-6ac3627ccfbe/tGET/t/api/products/thttp://localhost:3000
20240112/170506517316:12:53/t3c54b813-ab2c-474d-a456-a24671baec92/tGET/t/api/products/thttp://localhost:3000
20240112/170506517316:12:53/ta642482f-af38-458b-a311-b69e14a7a15e/tGET/t/api/products/thttp://localhost:3000
20240112/170506517716:12:57/t4677808c-fc93-417e-b9f1-e3847b87286c/tGET/t/api/products/thttp://localhost:3000
20240112/170506518316:13:03/t74a00070-314f-4e12-b9e0-c780fdfc24dd/tGET/t/api/products/thttp://localhost:3000
20240112/170506518416:13:04/t5591c7bb-7d80-4076-b728-9225589f9bf9/tGET/t/api/products/thttp://localhost:3000
20240112/170506528216:14:42/t3378d59c-b69a-4f24-8d6b-4e7b42573a8a/tGET/t/api/products/thttp://localhost:3000
20240112/170506528216:14:42/t2f024d00-27af-4ac1-b661-8aac47f1d9b6/tGET/t/api/products/thttp://localhost:3000
20240112/170506528316:14:43/t3a99b6c6-dc39-4944-91be-c5c25f8f270b/tGET/t/api/products/thttp://localhost:3000
20240112/170506528316:14:43/tc1134586-db56-4e81-8865-94c76f90c953/tGET/t/api/products/thttp://localhost:3000
20240112/170506528716:14:47/t7ad04121-d44d-4ee1-bc74-d98524aa2cfe/tGET/t/api/products/thttp://localhost:3000
20240112/170506529216:14:52/t3acbe47a-ed58-4f66-91af-efc683008414/tGET/t/api/products/thttp://localhost:3000
20240112/170506529316:14:53/t4f1a7b90-64c7-4b46-a1d2-dc1495f58c6e/tGET/t/api/products/thttp://localhost:3000
20240112/170506529416:14:54/td62b5a04-505c-4d0b-93bf-5571e6262d7b/tGET/t/api/products/thttp://localhost:3000
20240112/170506529416:14:54/t83bf649e-4411-4a1d-a092-4dcb9e73e11a/tGET/t/api/products/thttp://localhost:3000
20240112/170506531116:15:11/ta62ea97b-e414-403f-8eba-f34dbc5daef0/tGET/t/api/products/thttp://localhost:3000
20240112/170506531116:15:11/teffcb3ea-d140-4321-8cd0-a9705acd617b/tGET/t/api/products/thttp://localhost:3000
20240112/170506537416:16:14/tad1687fc-f509-4484-b066-35caa5dba155/tGET/t/api/products/thttp://localhost:3000
20240112/170506537416:16:14/t1d1ef35f-8942-4ac4-921b-eb141cdbb9c9/tGET/t/api/products/thttp://localhost:3000
20240112/170506537916:16:19/td062103a-82cf-4ba1-a685-13cd47d87293/tGET/t/api/products/thttp://localhost:3000
20240112/170506537916:16:19/tde7fdd2c-3410-490b-b637-0a931fc7e5a8/tGET/t/api/products/thttp://localhost:3000
20240112/170506538016:16:20/taa063afb-d9c1-49b9-92a7-a08560f9333e/tGET/t/api/products/thttp://localhost:3000
20240112/170506545216:17:32/t9757462e-ce81-4224-af7b-9565712e0570/tGET/t/api/products/thttp://localhost:3000
20240112/170506545216:17:32/t155ed383-b329-4e44-85a8-9953966b54d2/tGET/t/api/products/thttp://localhost:3000
20240112/170506545316:17:33/te41f559a-ae32-4697-8037-f896a0b9db0e/tGET/t/api/products/thttp://localhost:3000
20240112/170506553116:18:51/tb4af1482-a167-42e2-9f59-c1b644983b00/tGET/t/api/products/thttp://localhost:3000
20240112/170506553116:18:51/te62156e7-ca16-466b-a041-1b3ee23c8a30/tGET/t/api/products/thttp://localhost:3000
20240112/170506554716:19:07/t4d386808-d428-4100-a62b-1d4a9d710176/tGET/t/api/products/thttp://localhost:3000
20240112/170506554716:19:07/t4cd2138d-188f-4b01-bc9c-b94f21eba345/tGET/t/api/products/thttp://localhost:3000
20240112/170506554716:19:07/t268f75fd-98bf-497c-bf31-8dbc0d4e2d49/tGET/t/api/products/thttp://localhost:3000
20240112/170506556016:19:20/t27bbd2c4-d4a1-41c3-914e-a3ecd8bceda9/tGET/t/api/products/thttp://localhost:3000
20240112/170506556016:19:20/td20c866f-66d2-48e4-8c1b-7a6da40bfda6/tGET/t/api/products/thttp://localhost:3000
20240112/170506556816:19:28/t823e4507-b0bf-447c-b58a-f0b041015006/tGET/t/api/products/thttp://localhost:3000
20240112/170506556816:19:28/t5e8ed9a8-6064-4179-ba63-7e8f71009717/tGET/t/api/products/thttp://localhost:3000
20240112/170506561416:20:14/tfdc75ae7-6c47-4a8e-90f4-dfb04a0280d0/tGET/t/api/products/thttp://localhost:3000
20240112/170506561416:20:14/t882db80c-462b-4140-b533-8cb9f8b02dd5/tGET/t/api/products/thttp://localhost:3000
20240112/170506561716:20:17/td2e2706b-4d70-4081-9220-749a0899a84b/tGET/t/api/products/thttp://localhost:3000
20240112/170506561816:20:18/tec7f59da-03f0-42c5-b35f-43011015f3fc/tGET/t/api/products/thttp://localhost:3000
20240112/170506564916:20:49/t20a8bdd3-fa50-4dc9-86e8-a49c9672c244/tGET/t/api/products/thttp://localhost:3000
20240112/170506565016:20:50/t1d00f084-b5db-42f3-8da8-124c32d39dbd/tGET/t/api/products/thttp://localhost:3000
20240112/170506565016:20:50/t1e54d1b7-c57c-4761-a65d-0bd951b45db4/tGET/t/api/products/thttp://localhost:3000
20240112/170506565216:20:52/t43fb988c-fd64-4748-be59-716cd5c27b01/tGET/t/api/products/thttp://localhost:3000
20240112/170506565216:20:52/t9e46c892-9c2a-4f84-adfa-d560aca684cb/tGET/t/api/products/thttp://localhost:3000
20240112/170506567216:21:12/t8c0ff28b-8adb-497b-8295-a54245f363a3/tGET/t/api/products/thttp://localhost:3000
20240112/170506567216:21:12/t010fe1d3-f698-44d4-a1b9-9104ab220a58/tGET/t/api/products/thttp://localhost:3000
20240112/170506567416:21:14/t0408e5b8-8657-4e0f-90af-6fb770d0457c/tGET/t/api/products/thttp://localhost:3000
20240112/170506567516:21:15/tdf341ce2-b10b-447a-a807-7f3e07beef84/tGET/t/api/products/thttp://localhost:3000
20240112/170506570416:21:44/tfe84d183-fbf5-4e0b-b517-49adfe84359a/tGET/t/api/products/thttp://localhost:3000
20240112/170506570416:21:44/t925f40d0-a97a-4f0e-a17d-7f96ec7dd48b/tGET/t/api/products/thttp://localhost:3000
20240112/170506570616:21:46/tdeede397-6860-4ddd-917f-30e12b7ed0c9/tGET/t/api/products/thttp://localhost:3000
20240112/170506570616:21:46/t7fff1bbf-4e5a-435f-9d43-b520deb22910/tGET/t/api/products/thttp://localhost:3000
20240112/170506573816:22:18/t6356d532-5112-4c26-b332-344089b53606/tGET/t/api/products/thttp://localhost:3000
20240112/170506574016:22:20/t2b2246fe-53ec-433a-910d-1024d84fe563/tGET/t/api/products/thttp://localhost:3000
20240112/170506574116:22:21/t5b22f770-8cfe-40d4-adc2-874cc938cea7/tGET/t/api/products/thttp://localhost:3000
20240112/170506574216:22:22/t104b5eae-c339-4200-b1ac-1bde3021223a/tGET/t/api/products/thttp://localhost:3000
20240112/170506576016:22:40/t5d6b1d21-e899-42ab-b5e4-42024ee25920/tGET/t/api/products/thttp://localhost:3000
20240112/170506576016:22:40/t2757ce18-93b1-4b88-9653-f493921a7d27/tGET/t/api/products/thttp://localhost:3000
20240112/170506577116:22:51/t535c5127-652b-49cd-871c-794724f349d1/tGET/t/api/products/thttp://localhost:3000
20240112/170506577116:22:51/t5925c67f-987d-41ac-a726-23225faa9a39/tGET/t/api/products/thttp://localhost:3000
20240112/170506577216:22:52/td0ba2b61-0b75-4c8e-9ee9-ed7631a27ae1/tGET/t/api/products/thttp://localhost:3000
20240112/170506577216:22:52/ta19de49e-b619-4412-b414-b37ebbaff727/tGET/t/api/products/thttp://localhost:3000
20240112/170506592316:25:23/tf067eae9-65f1-4f8f-a2bb-968f193326e7/tGET/t/api/products/thttp://localhost:3000
20240112/170506592316:25:23/t94870c46-3b95-4b29-84d3-f7a53ecbf7dc/tGET/t/api/products/thttp://localhost:3000
20240112/170506593016:25:30/t4b837db6-cbf5-45e4-96d7-5dbc40f7a1a7/tGET/t/api/products/thttp://localhost:3000
20240112/170506593016:25:30/t9843f579-277f-4354-83c4-2bdf7ae6fa00/tGET/t/api/products/thttp://localhost:3000
20240112/170506594616:25:46/tf3fc474e-1b53-4794-aeef-7505d0c30e7c/tGET/t/api/products/thttp://localhost:3000
20240112/170506594616:25:46/t2f77d142-80bc-4a4c-a0d1-4a28411de76d/tGET/t/api/products/thttp://localhost:3000
20240112/170506596316:26:03/t63c58588-c35c-493e-94a9-f12a6dd15918/tGET/t/api/products/thttp://localhost:3000
20240112/170506596316:26:03/ta7d1fbab-a10e-4584-b3c6-023d538be982/tGET/t/api/products/thttp://localhost:3000
20240112/170506596416:26:04/tde06e896-a2d0-4761-bbfb-ff2e8e013a14/tGET/t/api/products/thttp://localhost:3000
20240112/170506596916:26:09/tedb5f764-06c9-4fdf-820a-1ee600dd37d7/tGET/t/api/products/thttp://localhost:3000
20240112/170506597016:26:10/t9f6174ac-4431-4348-8e16-10384265f9ee/tGET/t/api/products/thttp://localhost:3000
20240112/170506600216:26:42/t335f4295-86e2-4aa3-bc91-3f59882d3565/tGET/t/api/products/thttp://localhost:3000
20240112/170506600216:26:42/t09a44802-ddff-4600-b8ab-bbc4c89e1ecf/tGET/t/api/products/thttp://localhost:3000
20240112/170506602416:27:04/t7d6785d6-8fe0-4dca-8aaa-22df029ef625/tGET/t/api/products/thttp://localhost:3000
20240112/170506602416:27:04/t14215e66-9bdb-445a-ab57-54dad5f52209/tGET/t/api/products/thttp://localhost:3000
20240112/170506602916:27:09/t3c554e72-2f38-4219-94d9-c445683366af/tGET/t/api/products/thttp://localhost:3000
20240112/170506603016:27:10/t66530f5f-9d2b-4c57-9dfb-9e498aa781ad/tGET/t/api/products/thttp://localhost:3000
20240112/170506706816:44:28/tf98bd865-a1ae-4580-aeff-2457c3fa8783/tGET/t/main.fb61390ab1b2de1bc7d9.hot-update.json/tundefined
20240112/170506707116:44:31/t6e42ce9e-fe88-4f51-bb0e-4de1ad8b7b0a/tGET/t/api/products/thttp://localhost:3000
20240112/170506707116:44:31/ted460ec3-59d5-4141-99c9-c2a3b1cd62e0/tGET/t/api/products/thttp://localhost:3000
20240112/170506707316:44:33/t42c721dd-bbcf-4f4b-911b-733418aec73a/tGET/t/api/products/thttp://localhost:3000
20240112/170506707616:44:36/t8617ccb8-e6ee-468d-8cdc-d8b4cb800511/tGET/t/api/products/thttp://localhost:3000
20240112/170506707816:44:38/tc94b0db8-817b-4c04-a8b2-6f17958fb7d5/tGET/t/api/products/thttp://localhost:3000
20240112/170506707916:44:39/tea06ea93-5ca9-428b-b0c4-38de110fa651/tGET/t/api/products/thttp://localhost:3000
20240112/170506715116:45:51/t63275c71-eb46-460f-9598-8e1da6d9054d/tGET/t/api/products/thttp://localhost:3000
20240112/170506715216:45:52/t95f9e77f-12e8-411e-b2ff-dd7d9add8f7f/tGET/t/api/products/thttp://localhost:3000
20240112/170506715316:45:53/tb2ed52f6-9fc4-4f6e-a076-177a5acec01a/tGET/t/api/products/thttp://localhost:3000
20240112/170506715416:45:54/tcf3f092d-00b7-44d7-b86d-d58194d740d3/tGET/t/api/products/thttp://localhost:3000
20240112/170506720816:46:48/t73aa6616-d31c-47db-b073-6aa1d254ac69/tGET/t/api/products/thttp://localhost:3000
20240112/170506720916:46:49/t2ad799dc-44f5-4129-8787-896e8f9a4673/tGET/t/api/products/thttp://localhost:3000
20240112/170506760016:53:20/t8f00b676-25fd-417a-954a-fb35e77c5aa5/tPOST/t/api/users/login/tundefined
20240112/170506798816:59:48/t08fc0015-a07a-438d-bc15-c9e226385625/tGET/t//tundefined
20240112/170506798916:59:49/t1024d502-edde-4b74-a7a5-05490b34f9cc/tGET/t/favicon.ico/tundefined
20240112/170507098417:49:44/tb0427955-7bb3-4e3b-9daf-ae08de74efc2/tGET/t/api/products/thttp://localhost:3000
20240112/170507098417:49:44/teb5c9454-c893-4953-bda0-9da90847a196/tGET/t/favicon.ico/tundefined
20240112/170507098517:49:45/t440f36ae-c4dc-461a-9756-45f048bb2a88/tGET/t/api/products/thttp://localhost:3000
20240112/170507099017:49:50/tfbc8a549-6395-4466-a95c-e056b4e1bba5/tGET/t/login/tundefined
20240112/170507117817:52:58/tdf2b840c-69cc-402c-b886-1e2fb6b867a9/tGET/t/api/products/thttp://localhost:3000
20240112/170507117917:52:59/t8958e950-c32e-4693-aed1-5e30ac0863cc/tGET/t/api/products/thttp://localhost:3000
20240112/170507137417:56:14/t4db2aa4c-e6f7-44f1-adae-ff8e56aba423/tGET/t/api/products/thttp://localhost:3000
20240112/170507137517:56:15/t4c8bf503-cf81-4d2d-a9a5-c7b30f5a1c2c/tGET/t/api/products/thttp://localhost:3000
20240112/170507141017:56:50/tcca4f0dc-7773-4389-b680-62a800df2440/tGET/t/api/products/thttp://localhost:3000
20240112/170507141117:56:51/tfe9398aa-018b-4039-9dd9-e392a87c6b68/tGET/t/api/products/thttp://localhost:3000
20240112/170508917622:52:56/t545ec861-5f7c-4d9e-b665-fd983aaa36e9/tGET/t/api/products/thttp://localhost:3000
20240112/170508918222:53:02/tf8e70927-a4c5-4352-be4c-287cf332c22f/tGET/t/api/products/thttp://localhost:3000
